<?xml version="1.0" encoding="UTF-8"?>
<!-- Generated by org.testng.reporters.JUnitXMLReporter -->
<testsuite hostname="DESKTOP-TKM5AQQ" name="Test" tests="5" failures="1" timestamp="12 Apr 2019 03:03:43 GMT" time="145.096" errors="0">
  <testcase name="launchFlightReservationApplication" time="3.607" classname="testcases.ExecuteTest"/>
  <testcase name="testFail" time="0.004" classname="testcases.ExecuteTest">
    <failure type="java.lang.AssertionError" message="expected [false] but found [true]">
      <![CDATA[java.lang.AssertionError: expected [false] but found [true]
	at testcases.ExecuteTest.testFail(ExecuteTest.java:146)
... Removed 27 stack frames]]>
    </failure>
  </testcase> <!-- testFail -->
  <testcase name="testSKip" time="0.001" classname="testcases.ExecuteTest">
    <skipped/>
  </testcase> <!-- testSKip -->
  <testcase name="loginToFlightReservation" time="122.724" classname="testcases.ExecuteTest"/>
  <testcase name="bookATicket" time="8.543" classname="testcases.ExecuteTest"/>
</testsuite> <!-- Test -->
